#
# A fatal error has been detected by the Java Runtime Environment:
#
#  EXCEPTION_ACCESS_VIOLATION (0xc0000005) at pc=0x00007ff9e81cc4f6, pid=2916, tid=20580
#
# JRE version: OpenJDK Runtime Environment Temurin-21.0.5+11 (21.0.5+11) (build 21.0.5+11-LTS)
# Java VM: OpenJDK 64-Bit Server VM Temurin-21.0.5+11 (21.0.5+11-LTS, mixed mode, emulated-client, sharing, tiered, compressed oops, compressed class ptrs, g1 gc, windows-amd64)
# Problematic frame:
# V  [jvm.dll+0xc4f6]
#
# No core dump will be written. Minidumps are not enabled by default on client versions of Windows
#
# If you would like to submit a bug report, please visit:
#   https://github.com/adoptium/adoptium-support/issues
#

---------------  S U M M A R Y ------------

Command Line: -XX:+ShowCodeDetailsInExceptionMessages -agentlib:jdwp=transport=dt_socket,suspend=y,address=localhost:50105 -Dcom.sun.management.jmxremote -Dcom.sun.management.jmxremote.port=50104 -Dcom.sun.management.jmxremote.authenticate=false -Dcom.sun.management.jmxremote.ssl=false -Djava.rmi.server.hostname=localhost -Dspring.jmx.enabled=true -Dmanagement.endpoints.jmx.exposure.include=* -Dspring.application.admin.enabled=true -XX:TieredStopAtLevel=1 -Dspring.boot.project.name=workshopmongo -javaagent:C:\sts-4.27.0.RELEASE\configuration\org.eclipse.osgi\275\0\.cp\lib\javaagent-shaded.jar -Dfile.encoding=UTF-8 -Dstdout.encoding=UTF-8 -Dstderr.encoding=UTF-8 com.example.workshopmongo.WorkshopmongoApplication --spring.output.ansi.enabled=always

Host: 11th Gen Intel(R) Core(TM) i5-11300H @ 3.10GHz, 8 cores, 15G,  Windows 11 , 64 bit Build 26100 (10.0.26100.2454)
Time: Wed Jan 29 09:00:58 2025 Hora oficial do Brasil elapsed time: 1130.326042 seconds (0d 0h 18m 50s)

---------------  T H R E A D  ---------------

Current thread (0x000002946fa02a30):  WorkerThread "GC Thread#3"    [id=20580, stack(0x000000cb05600000,0x000000cb05700000) (1024K)]

Stack: [0x000000cb05600000,0x000000cb05700000],  sp=0x000000cb056fe468,  free space=1017k
Native frames: (J=compiled Java code, j=interpreted, Vv=VM code, C=native code)
V  [jvm.dll+0xc4f6]

JavaThread 0x000002941b745bc0 (nid = 19688) was being processed
Java frames: (J=compiled Java code, j=interpreted, Vv=VM code)
j  java.lang.invoke.DirectMethodHandle$Holder.newInvokeSpecial(Ljava/lang/Object;)Ljava/lang/Object;+15 java.base@21.0.5
J 872 c1 jdk.internal.reflect.DirectConstructorHandleAccessor.newInstance([Ljava/lang/Object;)Ljava/lang/Object; java.base@21.0.5 (130 bytes) @ 0x000002941f60d1ec [0x000002941f60cfe0+0x000000000000020c]
J 871 c1 java.lang.reflect.Constructor.newInstanceWithCaller([Ljava/lang/Object;ZLjava/lang/Class;)Ljava/lang/Object; java.base@21.0.5 (51 bytes) @ 0x000002941f60a73c [0x000002941f60a660+0x00000000000000dc]
J 3469 c1 org.springframework.beans.BeanUtils.instantiateClass(Ljava/lang/reflect/Constructor;[Ljava/lang/Object;)Ljava/lang/Object; (208 bytes) @ 0x000002941fb36284 [0x000002941fb35d00+0x0000000000000584]
j  org.springframework.beans.factory.support.SimpleInstantiationStrategy.instantiate(Lorg/springframework/beans/factory/support/RootBeanDefinition;Ljava/lang/String;Lorg/springframework/beans/factory/BeanFactory;)Ljava/lang/Object;+111
j  org.springframework.beans.factory.support.AbstractAutowireCapableBeanFactory.instantiateBean(Ljava/lang/String;Lorg/springframework/beans/factory/support/RootBeanDefinition;)Lorg/springframework/beans/BeanWrapper;+7
j  org.springframework.beans.factory.support.AbstractAutowireCapableBeanFactory.createBeanInstance(Ljava/lang/String;Lorg/springframework/beans/factory/support/RootBeanDefinition;[Ljava/lang/Object;)Lorg/springframework/beans/BeanWrapper;+241
j  org.springframework.beans.factory.support.AbstractAutowireCapableBeanFactory.doCreateBean(Ljava/lang/String;Lorg/springframework/beans/factory/support/RootBeanDefinition;[Ljava/lang/Object;)Ljava/lang/Object;+34
j  org.springframework.beans.factory.support.AbstractAutowireCapableBeanFactory.createBean(Ljava/lang/String;Lorg/springframework/beans/factory/support/RootBeanDefinition;[Ljava/lang/Object;)Ljava/lang/Object;+153
j  org.springframework.beans.factory.support.AbstractBeanFactory.lambda$doGetBean$0(Ljava/lang/String;Lorg/springframework/beans/factory/support/RootBeanDefinition;[Ljava/lang/Object;)Ljava/lang/Object;+4
j  org.springframework.beans.factory.support.AbstractBeanFactory$$Lambda+0x000002942b253348.getObject()Ljava/lang/Object;+16
j  org.springframework.beans.factory.support.DefaultSingletonBeanRegistry.getSingleton(Ljava/lang/String;Lorg/springframework/beans/factory/ObjectFactory;)Ljava/lang/Object;+336
J 3093 c1 org.springframework.beans.factory.support.AbstractBeanFactory.doGetBean(Ljava/lang/String;Ljava/lang/Class;[Ljava/lang/Object;Z)Ljava/lang/Object; (787 bytes) @ 0x000002941fa8a7ac [0x000002941fa8a120+0x000000000000068c]
j  org.springframework.beans.factory.support.AbstractBeanFactory.getBean(Ljava/lang/String;)Ljava/lang/Object;+5
j  org.springframework.beans.factory.config.DependencyDescriptor.resolveCandidate(Ljava/lang/String;Ljava/lang/Class;Lorg/springframework/beans/factory/BeanFactory;)Ljava/lang/Object;+2
j  org.springframework.beans.factory.support.DefaultListableBeanFactory.doResolveDependency(Lorg/springframework/beans/factory/config/DependencyDescriptor;Ljava/lang/String;Ljava/util/Set;Lorg/springframework/beans/TypeConverter;)Ljava/lang/Object;+641
j  org.springframework.beans.factory.support.DefaultListableBeanFactory.resolveDependency(Lorg/springframework/beans/factory/config/DependencyDescriptor;Ljava/lang/String;Ljava/util/Set;Lorg/springframework/beans/TypeConverter;)Ljava/lang/Object;+117
j  org.springframework.beans.factory.annotation.AutowiredAnnotationBeanPostProcessor$AutowiredFieldElement.resolveFieldValue(Ljava/lang/reflect/Field;Ljava/lang/Object;Ljava/lang/String;)Ljava/lang/Object;+81
j  org.springframework.beans.factory.annotation.AutowiredAnnotationBeanPostProcessor$AutowiredFieldElement.inject(Ljava/lang/Object;Ljava/lang/String;Lorg/springframework/beans/PropertyValues;)V+74
j  org.springframework.beans.factory.annotation.InjectionMetadata.inject(Ljava/lang/Object;Ljava/lang/String;Lorg/springframework/beans/PropertyValues;)V+68
j  org.springframework.beans.factory.annotation.AutowiredAnnotationBeanPostProcessor.postProcessProperties(Lorg/springframework/beans/PropertyValues;Ljava/lang/Object;Ljava/lang/String;)Lorg/springframework/beans/PropertyValues;+17
j  org.springframework.beans.factory.support.AbstractAutowireCapableBeanFactory.populateBean(Ljava/lang/String;Lorg/springframework/beans/factory/support/RootBeanDefinition;Lorg/springframework/beans/BeanWrapper;)V+280
j  org.springframework.beans.factory.support.AbstractAutowireCapableBeanFactory.doCreateBean(Ljava/lang/String;Lorg/springframework/beans/factory/support/RootBeanDefinition;[Ljava/lang/Object;)Ljava/lang/Object;+220
j  org.springframework.beans.factory.support.AbstractAutowireCapableBeanFactory.createBean(Ljava/lang/String;Lorg/springframework/beans/factory/support/RootBeanDefinition;[Ljava/lang/Object;)Ljava/lang/Object;+153
j  org.springframework.beans.factory.support.AbstractBeanFactory.lambda$doGetBean$0(Ljava/lang/String;Lorg/springframework/beans/factory/support/RootBeanDefinition;[Ljava/lang/Object;)Ljava/lang/Object;+4
j  org.springframework.beans.factory.support.AbstractBeanFactory$$Lambda+0x000002942b253348.getObject()Ljava/lang/Object;+16
j  org.springframework.beans.factory.support.DefaultSingletonBeanRegistry.getSingleton(Ljava/lang/String;Lorg/springframework/beans/factory/ObjectFactory;)Ljava/lang/Object;+336
J 3093 c1 org.springframework.beans.factory.support.AbstractBeanFactory.doGetBean(Ljava/lang/String;Ljava/lang/Class;[Ljava/lang/Object;Z)Ljava/lang/Object; (787 bytes) @ 0x000002941fa8a7ac [0x000002941fa8a120+0x000000000000068c]
j  org.springframework.beans.factory.support.AbstractBeanFactory.getBean(Ljava/lang/String;)Ljava/lang/Object;+5
j  org.springframework.beans.factory.support.DefaultListableBeanFactory.instantiateSingleton(Ljava/lang/String;)V+51
j  org.springframework.beans.factory.support.DefaultListableBeanFactory.preInstantiateSingleton(Ljava/lang/String;Lorg/springframework/beans/factory/support/RootBeanDefinition;)Ljava/util/concurrent/CompletableFuture;+141
j  org.springframework.beans.factory.support.DefaultListableBeanFactory.preInstantiateSingletons()V+118
j  org.springframework.context.support.AbstractApplicationContext.finishBeanFactoryInitialization(Lorg/springframework/beans/factory/config/ConfigurableListableBeanFactory;)V+284
j  org.springframework.context.support.AbstractApplicationContext.refresh()V+94
j  org.springframework.boot.web.servlet.context.ServletWebServerApplicationContext.refresh()V+1
j  org.springframework.boot.SpringApplication.refresh(Lorg/springframework/context/ConfigurableApplicationContext;)V+1
j  org.springframework.boot.SpringApplication.refreshContext(Lorg/springframework/context/ConfigurableApplicationContext;)V+19
j  org.springframework.boot.SpringApplication.run([Ljava/lang/String;)Lorg/springframework/context/ConfigurableApplicationContext;+113
j  org.springframework.boot.SpringApplication.run([Ljava/lang/Class;[Ljava/lang/String;)Lorg/springframework/context/ConfigurableApplicationContext;+9
j  org.springframework.boot.SpringApplication.run(Ljava/lang/Class;[Ljava/lang/String;)Lorg/springframework/context/ConfigurableApplicationContext;+9
j  com.example.workshopmongo.WorkshopmongoApplication.main([Ljava/lang/String;)V+3
v  ~StubRoutines::call_stub 0x000002941f2510e7

siginfo: EXCEPTION_ACCESS_VIOLATION (0xc0000005), reading address 0x000002945472be27


Registers:
RAX=0x0000000000000000, RBX=0x0000000000000120, RCX=0x000000cb03bfd800, RDX=0x000000cb03bfd800
RSP=0x000000cb056fe468, RBP=0x000000cb056fe640, RSI=0x000000cb056fe810, RDI=0x000000cb03bfd800
R8 =0x000002945472be1f, R9 =0x000000cb03bfd800, R10=0x000002941f250000, R11=0x000000cb056fe6b8
R12=0x000002942a543bf8, R13=0x000000cb03bfd800, R14=0x000002947101f820, R15=0x000002945472be1f
RIP=0x00007ff9e81cc4f6, EFLAGS=0x0000000000010202


Register to memory mapping:

RAX=0x0 is null
RBX=0x0000000000000120 is an unknown value
RCX=0x000000cb03bfd800 is pointing into the stack for thread: 0x000002941b745bc0
RDX=0x000000cb03bfd800 is pointing into the stack for thread: 0x000002941b745bc0
RSP=0x000000cb056fe468 points into unknown readable memory: 0x00007ff9e8517cdb | db 7c 51 e8 f9 7f 00 00
RBP=0x000000cb056fe640 points into unknown readable memory: 0x000000cb00000000 | 00 00 00 00 cb 00 00 00
RSI=0x000000cb056fe810 points into unknown readable memory: 0x000000cb03bfd7f8 | f8 d7 bf 03 cb 00 00 00
RDI=0x000000cb03bfd800 is pointing into the stack for thread: 0x000002941b745bc0
R8 =0x000002945472be1f is an unknown value
R9 =0x000000cb03bfd800 is pointing into the stack for thread: 0x000002941b745bc0
R10=0x000002941f250000 points into unknown readable memory: 0x0000000000000006 | 06 00 00 00 00 00 00 00
R11=0x000000cb056fe6b8 points into unknown readable memory: 0x00007ff9e84d456d | 6d 45 4d e8 f9 7f 00 00
R12=0x000002942a543bf8 is pointing into metadata
R13=0x000000cb03bfd800 is pointing into the stack for thread: 0x000002941b745bc0
R14=0x000002947101f820 points into unknown readable memory: 0x00007ff9e8beabd8 | d8 ab be e8 f9 7f 00 00
R15=0x000002945472be1f is an unknown value

Top of Stack: (sp=0x000000cb056fe468)
0x000000cb056fe468:   00007ff9e8517cdb 0000004245bc5d09
0x000000cb056fe478:   0000000000000002 000000070506ff80
0x000000cb056fe488:   0000000000000001 000000cb056fe5b0
0x000000cb056fe498:   000000cb056fe630 0000004245bc5d09
0x000000cb056fe4a8:   00007ff9e89569b1 0000000000000791
0x000000cb056fe4b8:   00007ff9e887bfc2 0000029470722688
0x000000cb056fe4c8:   0000000000000000 000002946f9d7c30
0x000000cb056fe4d8:   000002946f1ba880 000002942a543bf8
0x000000cb056fe4e8:   000000cb03bfd800 000000cb056fe810
0x000000cb056fe4f8:   000000cb056fe640 00000294710e5988
0x000000cb056fe508:   00007ff9e85262a4 000000cb056fe5d0
0x000000cb056fe518:   000000cb056fe810 000002942a480090
0x000000cb056fe528:   0000000000000000 00000294710e5988
0x000000cb056fe538:   00007ff9e84d4b1b 0000000000000001
0x000000cb056fe548:   000002942a0b5b20 00000294710e5988
0x000000cb056fe558:   000000cb056fe810 0000000f1f98eb01
0x000000cb056fe568:   000002942a0b5b20 000002946fa02a30
0x000000cb056fe578:   0000029400000003 00000000000003d8
0x000000cb056fe588:   000002946f1ba890 000002946f1bac68
0x000000cb056fe598:   000002942a72be1f 00000294000000b8
0x000000cb056fe5a8:   000002942a0b5b20 00007ff9e8be2140
0x000000cb056fe5b8:   000000cb056fe810 0000029470722688
0x000000cb056fe5c8:   0000000300000003 000002942a543bf8
0x000000cb056fe5d8:   0000001300000001 0000000000000032
0x000000cb056fe5e8:   000000010000000c 000002942a480090
0x000000cb056fe5f8:   0000000000000000 000002946fb21db4
0x000000cb056fe608:   00004ed400000006 0000000500000003
0x000000cb056fe618:   0000ffff0950e600 00007ff9e8a1a690
0x000000cb056fe628:   000002946fee25f8 000002946cc34118
0x000000cb056fe638:   000000066f1b003d 000000cb00000000
0x000000cb056fe648:   0000000000000021 0000029470722688
0x000000cb056fe658:   00007ff9e85262fe 0000000000000000 

Instructions: (pc=0x00007ff9e81cc4f6)
0x00007ff9e81cc3f6:   48 8b 05 73 e6 cc 00 48 8b 48 60 48 8b 04 d1 48
0x00007ff9e81cc406:   85 c0 75 08 48 8b 05 67 e6 cc 00 c3 48 8b 05 57
0x00007ff9e81cc416:   e6 cc 00 c3 cc cc cc cc cc cc 8b 05 92 bb c1 00
0x00007ff9e81cc426:   c3 cc cc cc cc cc cc cc cc cc 0f b6 05 e3 d1 c1
0x00007ff9e81cc436:   00 48 8b d1 84 c0 74 16 44 8b 41 08 8b 0d 70 bb
0x00007ff9e81cc446:   c1 00 49 d3 e0 4c 03 05 5e bb c1 00 eb 04 4c 8b
0x00007ff9e81cc456:   41 08 45 8b 48 08 45 85 c9 7e 0e 41 f6 c1 01 75
0x00007ff9e81cc466:   53 41 c1 f9 03 49 63 c1 c3 79 49 84 c0 41 b8 0c
0x00007ff9e81cc476:   00 00 00 8b 05 a9 cc c1 00 b9 10 00 00 00 41 0f
0x00007ff9e81cc486:   45 c8 ff c8 4c 63 c0 41 8b c1 48 c1 f8 10 0f b6
0x00007ff9e81cc496:   c0 48 63 14 11 41 8b c9 83 e1 3f 48 d3 e2 49 8d
0x00007ff9e81cc4a6:   0c 10 49 f7 d0 48 03 c1 49 c1 e8 03 48 c1 e8 03
0x00007ff9e81cc4b6:   49 23 c0 c3 49 8b 00 49 8b c8 48 ff a0 00 01 00
0x00007ff9e81cc4c6:   00 cc cc cc cc cc cc cc cc cc 8b 44 24 30 45 03
0x00007ff9e81cc4d6:   c9 44 2b 4c 24 28 83 c0 0b 44 03 ca 45 03 c8 41
0x00007ff9e81cc4e6:   03 c1 c3 cc cc cc cc cc cc cc 4c 8b c2 48 8b d1
0x00007ff9e81cc4f6:   45 8b 48 08 45 85 c9 7e 0e 41 f6 c1 01 75 56 41
0x00007ff9e81cc506:   c1 f9 03 49 63 c1 c3 79 4c 80 3d 04 d1 c1 00 00
0x00007ff9e81cc516:   b8 0c 00 00 00 b9 10 00 00 00 0f 45 c8 8b 05 ff
0x00007ff9e81cc526:   cb c1 00 ff c8 4c 63 c0 41 8b c1 48 c1 f8 10 48
0x00007ff9e81cc536:   63 14 11 41 8b c9 83 e1 3f 0f b6 c0 48 d3 e2 49
0x00007ff9e81cc546:   8d 0c 10 49 f7 d0 48 03 c1 49 c1 e8 03 48 c1 e8
0x00007ff9e81cc556:   03 49 23 c0 c3 49 8b 00 49 8b c8 48 ff a0 00 01
0x00007ff9e81cc566:   00 00 cc cc cc cc cc cc cc cc 48 8b 41 08 0f b7
0x00007ff9e81cc576:   48 2c 0f b7 40 2a 83 c0 48 03 c1 c3 cc cc cc cc
0x00007ff9e81cc586:   cc cc cc cc cc cc cc cc cc cc 48 89 5c 24 08 57
0x00007ff9e81cc596:   48 83 ec 20 0f b6 05 1f ce cc 00 48 8b fa 48 8b
0x00007ff9e81cc5a6:   d9 84 c0 74 4f 48 85 15 b6 c5 cc 00 74 38 48 8b
0x00007ff9e81cc5b6:   ca e8 f4 c9 8c 00 48 8b d0 48 85 db 74 25 48 85
0x00007ff9e81cc5c6:   c0 74 20 48 8b c7 f0 48 0f b1 13 74 16 48 85 05
0x00007ff9e81cc5d6:   8e c5 cc 00 74 0d 48 8b c8 f0 48 0f b1 13 48 3b
0x00007ff9e81cc5e6:   c1 75 ea 48 8b fa 48 8b c7 48 8b 5c 24 30 48 83 


Stack slot to memory mapping:

stack at sp + 0 slots: 0x00007ff9e8517cdb jvm.dll
stack at sp + 1 slots: 0x0000004245bc5d09 is an unknown value
stack at sp + 2 slots: 0x0000000000000002 is an unknown value
stack at sp + 3 slots: 0x000000070506ff80 is an oop: java.lang.Class 
{0x000000070506ff80} - klass: 'java/lang/Class'
 - ---- fields (total size 14 words):
 - private volatile transient 'classRedefinedCount' 'I' @12  0 (0x00000000)
 - injected 'klass' 'J' @16  2835404645736 (0x000002942b496568)
 - injected 'array_klass' 'J' @24  0 (0x0000000000000000)
 - injected 'oop_size' 'I' @32  14 (0x0000000e)
 - injected 'static_oop_field_count' 'I' @36  0 (0x00000000)
 - private volatile transient 'cachedConstructor' 'Ljava/lang/reflect/Constructor;' @40  null (0x00000000)
 - private transient 'name' 'Ljava/lang/String;' @44  "com.mongodb.internal.connection.DefaultServerMonitor$RoundTripTimeMonitor"{0x0000000704e94198} (0xe09d2833)
 - private transient 'module' 'Ljava/lang/Module;' @48  a 'java/lang/Module'{0x00000007036a1308} (0xe06d4261)
 - private final 'classLoader' 'Ljava/lang/ClassLoader;' @52  a 'jdk/internal/loader/ClassLoaders$AppClassLoader'{0x00000007036a0788} (0xe06d40f1)
 - private transient 'classData' 'Ljava/lang/Object;' @56  null (0x00000000)
 - private transient 'packageName' 'Ljava/lang/String;' @60  "com.mongodb.internal.connection"{0x00000007050fdf40} (0xe0a1fbe8)
 - private final 'componentType' 'Ljava/lang/Class;' @64  null (0x00000000)
 - private volatile transient 'reflectionData' 'Ljava/lang/ref/SoftReference;' @68  null (0x00000000)
 - private volatile transient 'genericInfo' 'Lsun/reflect/generics/repository/ClassRepository;' @72  null (0x00000000)
 - private volatile transient 'enumConstants' '[Ljava/lang/Object;' @76  null (0x00000000)
 - private volatile transient 'enumConstantDirectory' 'Ljava/util/Map;' @80  null (0x00000000)
 - private volatile transient 'annotationData' 'Ljava/lang/Class$AnnotationData;' @84  null (0x00000000)
 - private volatile transient 'annotationType' 'Lsun/reflect/annotation/AnnotationType;' @88  null (0x00000000)
 - transient 'classValueMap' 'Ljava/lang/ClassValue$ClassValueMap;' @92  null (0x00000000)
 - injected 'protection_domain' 'Ljava/lang/Object;' @96  a 'java/security/ProtectionDomain'{0x0000000703a54110} (0xe074a822)
 - injected 'signers_name' 'Ljava/lang/Object;' @100  null (0x00000000)
 - injected 'source_file' 'Ljava/lang/Object;' @104  null (0x00000000)
 - injected '<init_lock>' 'Ljava/lang/Object;' @108  null (0x00000000)
 - signature: Lcom/mongodb/internal/connection/DefaultServerMonitor$RoundTripTimeMonitor;
 - ---- static fields (0):
stack at sp + 4 slots: 0x0000000000000001 is an unknown value
stack at sp + 5 slots: 0x000000cb056fe5b0 points into unknown readable memory: 0x00007ff9e8be2140 | 40 21 be e8 f9 7f 00 00
stack at sp + 6 slots: 0x000000cb056fe630 points into unknown readable memory: 0x000002946cc34118 | 18 41 c3 6c 94 02 00 00
stack at sp + 7 slots: 0x0000004245bc5d09 is an unknown value


---------------  P R O C E S S  ---------------

Threads class SMR info:
_java_thread_list=0x0000029470f65970, length=26, elements={
0x000002941b745bc0, 0x000002946f00dec0, 0x000002946f00e910, 0x000002946f011df0,
0x000002946f012840, 0x000002946f013290, 0x000002946f014e20, 0x000002946f028710,
0x000002946f0b65c0, 0x000002946f16f120, 0x000002946f1930d0, 0x000002946f199890,
0x000002946f80cfd0, 0x000002946f9d29e0, 0x000002946f9ddee0, 0x000002946fa3dd50,
0x000002946feb3c70, 0x000002946feb66f0, 0x000002946fed9cd0, 0x0000029470c35e70,
0x0000029470c36b90, 0x0000029470c34430, 0x0000029470c36500, 0x0000029470c33da0,
0x0000029470c37220, 0x0000029470c34ac0
}

Java Threads: ( => current thread )
  0x000002941b745bc0 JavaThread "main"                              [_thread_blocked, id=19688, stack(0x000000cb03b00000,0x000000cb03c00000) (1024K)]
  0x000002946f00dec0 JavaThread "Reference Handler"          daemon [_thread_blocked, id=6256, stack(0x000000cb04300000,0x000000cb04400000) (1024K)]
  0x000002946f00e910 JavaThread "Finalizer"                  daemon [_thread_blocked, id=19052, stack(0x000000cb04400000,0x000000cb04500000) (1024K)]
  0x000002946f011df0 JavaThread "Signal Dispatcher"          daemon [_thread_blocked, id=11232, stack(0x000000cb04500000,0x000000cb04600000) (1024K)]
  0x000002946f012840 JavaThread "Attach Listener"            daemon [_thread_blocked, id=1304, stack(0x000000cb04600000,0x000000cb04700000) (1024K)]
  0x000002946f013290 JavaThread "Service Thread"             daemon [_thread_blocked, id=10912, stack(0x000000cb04700000,0x000000cb04800000) (1024K)]
  0x000002946f014e20 JavaThread "Monitor Deflation Thread"   daemon [_thread_blocked, id=9152, stack(0x000000cb04800000,0x000000cb04900000) (1024K)]
  0x000002946f028710 JavaThread "C1 CompilerThread0"         daemon [_thread_blocked, id=13196, stack(0x000000cb04900000,0x000000cb04a00000) (1024K)]
  0x000002946f0b65c0 JavaThread "Common-Cleaner"             daemon [_thread_blocked, id=17120, stack(0x000000cb04a00000,0x000000cb04b00000) (1024K)]
  0x000002946f16f120 JavaThread "JDWP Transport Listener: dt_socket" daemon [_thread_blocked, id=20604, stack(0x000000cb04d00000,0x000000cb04e00000) (1024K)]
  0x000002946f1930d0 JavaThread "JDWP Event Helper Thread"   daemon [_thread_blocked, id=17868, stack(0x000000cb04e00000,0x000000cb04f00000) (1024K)]
  0x000002946f199890 JavaThread "JDWP Command Reader"        daemon [_thread_in_native, id=10312, stack(0x000000cb04f00000,0x000000cb05000000) (1024K)]
  0x000002946f80cfd0 JavaThread "Notification Thread"        daemon [_thread_blocked, id=20236, stack(0x000000cb05000000,0x000000cb05100000) (1024K)]
  0x000002946f9d29e0 JavaThread "RMI TCP Accept-0"           daemon [_thread_in_native, id=20920, stack(0x000000cb05200000,0x000000cb05300000) (1024K)]
  0x000002946f9ddee0 JavaThread "RMI TCP Accept-50104"       daemon [_thread_in_native, id=20632, stack(0x000000cb05300000,0x000000cb05400000) (1024K)]
  0x000002946fa3dd50 JavaThread "RMI TCP Accept-0"           daemon [_thread_in_native, id=13332, stack(0x000000cb05b00000,0x000000cb05c00000) (1024K)]
  0x000002946feb3c70 JavaThread "RMI Scheduler(0)"           daemon [_thread_blocked, id=20316, stack(0x000000cb05d00000,0x000000cb05e00000) (1024K)]
  0x000002946feb66f0 JavaThread "RMI TCP Connection(2)-127.0.0.1" daemon [_thread_blocked, id=20308, stack(0x000000cb05e00000,0x000000cb05f00000) (1024K)]
  0x000002946fed9cd0 JavaThread "JMX server connection timeout 38" daemon [_thread_blocked, id=18064, stack(0x000000cb05f00000,0x000000cb06000000) (1024K)]
  0x0000029470c35e70 JavaThread "Catalina-utility-1"                [_thread_blocked, id=20276, stack(0x000000cb06000000,0x000000cb06100000) (1024K)]
  0x0000029470c36b90 JavaThread "Catalina-utility-2"                [_thread_blocked, id=21000, stack(0x000000cb06200000,0x000000cb06300000) (1024K)]
  0x0000029470c34430 JavaThread "container-0"                       [_thread_blocked, id=20932, stack(0x000000cb06300000,0x000000cb06400000) (1024K)]
  0x0000029470c36500 JavaThread "BufferPoolPruner-1-thread-1" daemon [_thread_blocked, id=17536, stack(0x000000cb06400000,0x000000cb06500000) (1024K)]
  0x0000029470c33da0 JavaThread "cluster-ClusterId{value='679a141314e07e7b92469da2', description='null'}-localhost:27017" daemon [_thread_in_native, id=20320, stack(0x000000cb06500000,0x000000cb06600000) (1024K)]
  0x0000029470c37220 JavaThread "cluster-rtt-ClusterId{value='679a141314e07e7b92469da2', description='null'}-localhost:27017" daemon [_thread_blocked, id=19332, stack(0x000000cb06700000,0x000000cb06800000) (1024K)]
  0x0000029470c34ac0 JavaThread "MaintenanceTimer-2-thread-1" daemon [_thread_blocked, id=20324, stack(0x000000cb06800000,0x000000cb06900000) (1024K)]
Total: 26

Other Threads:
  0x000002942956ccc0 VMThread "VM Thread"                           [id=18688, stack(0x000000cb04200000,0x000000cb04300000) (1024K)]
  0x000002942955eaa0 WatcherThread "VM Periodic Task Thread"        [id=14912, stack(0x000000cb04100000,0x000000cb04200000) (1024K)]
  0x000002941b7ac8a0 WorkerThread "GC Thread#0"                     [id=16836, stack(0x000000cb03c00000,0x000000cb03d00000) (1024K)]
  0x000002946fa03400 WorkerThread "GC Thread#1"                     [id=19120, stack(0x000000cb05400000,0x000000cb05500000) (1024K)]
  0x000002946fa02690 WorkerThread "GC Thread#2"                     [id=20572, stack(0x000000cb05500000,0x000000cb05600000) (1024K)]
=>0x000002946fa02a30 WorkerThread "GC Thread#3"                     [id=20580, stack(0x000000cb05600000,0x000000cb05700000) (1024K)]
  0x000002946f9f0080 WorkerThread "GC Thread#4"                     [id=20600, stack(0x000000cb05700000,0x000000cb05800000) (1024K)]
  0x000002946f9f0830 WorkerThread "GC Thread#5"                     [id=20840, stack(0x000000cb05800000,0x000000cb05900000) (1024K)]
  0x000002946fa32950 WorkerThread "GC Thread#6"                     [id=20596, stack(0x000000cb05900000,0x000000cb05a00000) (1024K)]
  0x000002946fa33d00 WorkerThread "GC Thread#7"                     [id=17916, stack(0x000000cb05a00000,0x000000cb05b00000) (1024K)]
  0x000002941b7fc7b0 ConcurrentGCThread "G1 Main Marker"            [id=13636, stack(0x000000cb03d00000,0x000000cb03e00000) (1024K)]
  0x000002941b7fd0c0 WorkerThread "G1 Conc#0"                       [id=13908, stack(0x000000cb03e00000,0x000000cb03f00000) (1024K)]
  0x000002946ff887f0 WorkerThread "G1 Conc#1"                       [id=20300, stack(0x000000cb06100000,0x000000cb06200000) (1024K)]
  0x000002942942c8e0 ConcurrentGCThread "G1 Refine#0"               [id=18584, stack(0x000000cb03f00000,0x000000cb04000000) (1024K)]
  0x000002942942e110 ConcurrentGCThread "G1 Service"                [id=13696, stack(0x000000cb04000000,0x000000cb04100000) (1024K)]
Total: 15

Threads with active compile tasks:
Total: 0

VM state: at safepoint (normal execution)

VM Mutex/Monitor currently owned by a thread:  ([mutex/lock_event])
[0x00007ff9e8e6d380] Threads_lock - owner thread: 0x000002942956ccc0
[0x00007ff9e8e6d480] Heap_lock - owner thread: 0x000002946feb66f0

Heap address: 0x0000000703600000, size: 4042 MB, Compressed Oops mode: Zero based, Oop shift amount: 3

CDS archive(s) mapped at: [0x000002942a000000-0x000002942ac80000-0x000002942ac80000), size 13107200, SharedBaseAddress: 0x000002942a000000, ArchiveRelocationMode: 1.
Compressed class space mapped at: 0x000002942b000000-0x000002946b000000, reserved size: 1073741824
Narrow klass base: 0x000002942a000000, Narrow klass shift: 0, Narrow klass range: 0x100000000

GC Precious Log:
 CardTable entry size: 512
 Card Set container configuration: InlinePtr #cards 4 size 8 Array Of Cards #cards 16 size 48 Howl #buckets 8 coarsen threshold 3686 Howl Bitmap #cards 512 size 80 coarsen threshold 460 Card regions per heap region 1 cards per card region 4096
 CPUs: 8 total, 8 available
 Memory: 16167M
 Large Page Support: Disabled
 NUMA Support: Disabled
 Compressed Oops: Enabled (Zero based)
 Heap Region Size: 2M
 Heap Min Capacity: 8M
 Heap Initial Capacity: 254M
 Heap Max Capacity: 4042M
 Pre-touch: Disabled
 Parallel Workers: 8
 Concurrent Workers: 2
 Concurrent Refinement Workers: 8
 Periodic GC: Disabled

Heap:
 garbage-first heap   total 57344K, used 46119K [0x0000000703600000, 0x0000000800000000)
  region size 2048K, 16 young (32768K), 2 survivors (4096K)
 Metaspace       used 35876K, committed 36480K, reserved 1114112K
  class space    used 4852K, committed 5120K, reserved 1048576K

Heap Regions: E=young(eden), S=young(survivor), O=old, HS=humongous(starts), HC=humongous(continues), CS=collection set, F=free, TAMS=top-at-mark-start, PB=parsable bottom
|   0|0x0000000703600000, 0x0000000703800000, 0x0000000703800000|100%| O|  |TAMS 0x0000000703600000| PB 0x0000000703600000| Untracked 
|   1|0x0000000703800000, 0x0000000703a00000, 0x0000000703a00000|100%| O|  |TAMS 0x0000000703800000| PB 0x0000000703800000| Untracked 
|   2|0x0000000703a00000, 0x0000000703c00000, 0x0000000703c00000|100%| O|  |TAMS 0x0000000703a00000| PB 0x0000000703a00000| Untracked 
|   3|0x0000000703c00000, 0x0000000703e00000, 0x0000000703e00000|100%| O|  |TAMS 0x0000000703c00000| PB 0x0000000703c00000| Untracked 
|   4|0x0000000703e00000, 0x0000000703ff0e98, 0x0000000704000000| 97%| O|  |TAMS 0x0000000703e00000| PB 0x0000000703e00000| Untracked 
|   5|0x0000000704000000, 0x0000000704200000, 0x0000000704200000|100%| O|  |TAMS 0x0000000704000000| PB 0x0000000704000000| Untracked 
|   6|0x0000000704200000, 0x0000000704400000, 0x0000000704400000|100%| O|  |TAMS 0x0000000704200000| PB 0x0000000704200000| Untracked 
|   7|0x0000000704400000, 0x000000070457d030, 0x0000000704600000| 74%| O|  |TAMS 0x0000000704400000| PB 0x0000000704400000| Untracked 
|   8|0x0000000704600000, 0x0000000704600000, 0x0000000704800000|  0%| F|  |TAMS 0x0000000704600000| PB 0x0000000704600000| Untracked 
|   9|0x0000000704800000, 0x0000000704800000, 0x0000000704a00000|  0%| F|  |TAMS 0x0000000704800000| PB 0x0000000704800000| Untracked 
|  10|0x0000000704a00000, 0x0000000704a28fe0, 0x0000000704c00000|  8%| S|  |TAMS 0x0000000704a00000| PB 0x0000000704a00000| Complete 
|  11|0x0000000704c00000, 0x0000000704e00000, 0x0000000704e00000|100%| S|  |TAMS 0x0000000704c00000| PB 0x0000000704c00000| Complete 
|  12|0x0000000704e00000, 0x0000000704f9e0b8, 0x0000000705000000| 80%| E|CS|TAMS 0x0000000704e00000| PB 0x0000000704e00000| Complete 
|  13|0x0000000705000000, 0x0000000705200000, 0x0000000705200000|100%| E|CS|TAMS 0x0000000705000000| PB 0x0000000705000000| Complete 
|  14|0x0000000705200000, 0x0000000705400000, 0x0000000705400000|100%| E|CS|TAMS 0x0000000705200000| PB 0x0000000705200000| Complete 
|  15|0x0000000705400000, 0x0000000705600000, 0x0000000705600000|100%| E|CS|TAMS 0x0000000705400000| PB 0x0000000705400000| Complete 
|  16|0x0000000705600000, 0x0000000705800000, 0x0000000705800000|100%| E|CS|TAMS 0x0000000705600000| PB 0x0000000705600000| Complete 
|  17|0x0000000705800000, 0x0000000705a00000, 0x0000000705a00000|100%| E|CS|TAMS 0x0000000705800000| PB 0x0000000705800000| Complete 
|  18|0x0000000705a00000, 0x0000000705c00000, 0x0000000705c00000|100%| E|CS|TAMS 0x0000000705a00000| PB 0x0000000705a00000| Complete 
|  19|0x0000000705c00000, 0x0000000705e00000, 0x0000000705e00000|100%| E|CS|TAMS 0x0000000705c00000| PB 0x0000000705c00000| Complete 
|  20|0x0000000705e00000, 0x0000000706000000, 0x0000000706000000|100%| E|CS|TAMS 0x0000000705e00000| PB 0x0000000705e00000| Complete 
|  21|0x0000000706000000, 0x0000000706200000, 0x0000000706200000|100%| E|CS|TAMS 0x0000000706000000| PB 0x0000000706000000| Complete 
|  22|0x0000000706200000, 0x0000000706400000, 0x0000000706400000|100%| E|CS|TAMS 0x0000000706200000| PB 0x0000000706200000| Complete 
|  23|0x0000000706400000, 0x0000000706600000, 0x0000000706600000|100%| E|CS|TAMS 0x0000000706400000| PB 0x0000000706400000| Complete 
|  30|0x0000000707200000, 0x0000000707400000, 0x0000000707400000|100%| E|CS|TAMS 0x0000000707200000| PB 0x0000000707200000| Complete 
|  31|0x0000000707400000, 0x0000000707600000, 0x0000000707600000|100%| E|CS|TAMS 0x0000000707400000| PB 0x0000000707400000| Complete 
|  32|0x0000000707600000, 0x0000000707800000, 0x0000000707800000|100%| E|CS|TAMS 0x0000000707600000| PB 0x0000000707600000| Complete 
| 126|0x0000000713200000, 0x0000000713400000, 0x0000000713400000|100%| E|CS|TAMS 0x0000000713200000| PB 0x0000000713200000| Complete 

Card table byte_map: [0x0000029422b50000,0x0000029423340000] _byte_map_base: 0x000002941f335000

Marking Bits: (CMBitMap*) 0x000002941b7acdb0
 Bits: [0x0000029423340000, 0x0000029427268000)

Polling page: 0x0000029419610000

Metaspace:

Usage:
  Non-class:     30.30 MB used.
      Class:      4.74 MB used.
       Both:     35.04 MB used.

Virtual space:
  Non-class space:       64.00 MB reserved,      30.62 MB ( 48%) committed,  1 nodes.
      Class space:        1.00 GB reserved,       5.00 MB ( <1%) committed,  1 nodes.
             Both:        1.06 GB reserved,      35.62 MB (  3%) committed. 

Chunk freelists:
   Non-Class:  503.00 KB
       Class:  10.93 MB
        Both:  11.42 MB

MaxMetaspaceSize: unlimited
CompressedClassSpaceSize: 1.00 GB
Initial GC threshold: 21.00 MB
Current GC threshold: 45.75 MB
CDS: on
 - commit_granule_bytes: 65536.
 - commit_granule_words: 8192.
 - virtual_space_node_default_size: 8388608.
 - enlarge_chunks_in_place: 1.
 - use_allocation_guard: 0.


Internal statistics:

num_allocs_failed_limit: 3.
num_arena_births: 794.
num_arena_deaths: 0.
num_vsnodes_births: 2.
num_vsnodes_deaths: 0.
num_space_committed: 570.
num_space_uncommitted: 0.
num_chunks_returned_to_freelist: 3.
num_chunks_taken_from_freelist: 2030.
num_chunk_merges: 3.
num_chunk_splits: 1367.
num_chunks_enlarged: 978.
num_inconsistent_stats: 0.

CodeCache: size=49152Kb used=10265Kb max_used=11440Kb free=38886Kb
 bounds [0x000002941f250000, 0x000002941fdc0000, 0x0000029422250000]
 total_blobs=5722 nmethods=5155 adapters=491
 compilation: enabled
              stopped_count=0, restarted_count=0
 full_count=0

Compilation events (20 events):
Event: 1082.356 Thread 0x000002946f028710 5182       1       java.util.concurrent.ScheduledThreadPoolExecutor$DelayedWorkQueue::siftUp (64 bytes)
Event: 1082.357 Thread 0x000002946f028710 nmethod 5182 0x000002941f65bb90 code [0x000002941f65bd80, 0x000002941f65c2c8]
Event: 1083.195 Thread 0x000002946f028710 5183       1       java.util.concurrent.ScheduledThreadPoolExecutor$DelayedWorkQueue::siftDown (119 bytes)
Event: 1083.197 Thread 0x000002946f028710 nmethod 5183 0x000002941f65ae10 code [0x000002941f65b020, 0x000002941f65b710]
Event: 1102.626 Thread 0x000002946f028710 5184       1       org.bson.codecs.DecoderContext::builder (9 bytes)
Event: 1102.626 Thread 0x000002946f028710 nmethod 5184 0x000002941f65aa90 code [0x000002941f65ac20, 0x000002941f65ad20]
Event: 1102.626 Thread 0x000002946f028710 5185       1       org.bson.codecs.DecoderContext$Builder::<init> (5 bytes)
Event: 1102.626 Thread 0x000002946f028710 nmethod 5185 0x000002941f65a790 code [0x000002941f65a920, 0x000002941f65a9e8]
Event: 1102.626 Thread 0x000002946f028710 5186       1       org.bson.codecs.DecoderContext$Builder::<init> (5 bytes)
Event: 1102.626 Thread 0x000002946f028710 nmethod 5186 0x000002941f65a490 code [0x000002941f65a620, 0x000002941f65a6e8]
Event: 1102.626 Thread 0x000002946f028710 5187       1       org.bson.codecs.DecoderContext$Builder::build (10 bytes)
Event: 1102.627 Thread 0x000002946f028710 nmethod 5187 0x000002941f65a110 code [0x000002941f65a2a0, 0x000002941f65a3d0]
Event: 1102.627 Thread 0x000002946f028710 5188       1       org.bson.codecs.DecoderContext::<init> (6 bytes)
Event: 1102.627 Thread 0x000002946f028710 nmethod 5188 0x000002941f659d90 code [0x000002941f659f20, 0x000002941f659ff8]
Event: 1102.627 Thread 0x000002946f028710 5189       1       org.bson.codecs.DecoderContext::<init> (13 bytes)
Event: 1102.627 Thread 0x000002946f028710 nmethod 5189 0x000002941f659a90 code [0x000002941f659c20, 0x000002941f659cf8]
Event: 1112.370 Thread 0x000002946f028710 5190       1       java.util.concurrent.locks.AbstractQueuedSynchronizer$Node::setPrevRelaxed (12 bytes)
Event: 1112.370 Thread 0x000002946f028710 nmethod 5190 0x000002941f659710 code [0x000002941f6598a0, 0x000002941f6599c8]
Event: 1112.370 Thread 0x000002946f028710 5191       1       java.util.concurrent.locks.AbstractQueuedSynchronizer::casTail (13 bytes)
Event: 1112.370 Thread 0x000002946f028710 nmethod 5191 0x000002941f659390 code [0x000002941f659520, 0x000002941f659658]

GC Heap History (20 events):
Event: 0.839 GC heap after
{Heap after GC invocations=1 (full 0):
 garbage-first heap   total 260096K, used 4737K [0x0000000703600000, 0x0000000800000000)
  region size 2048K, 2 young (4096K), 2 survivors (4096K)
 Metaspace       used 6641K, committed 6848K, reserved 1114112K
  class space    used 736K, committed 832K, reserved 1048576K
}
Event: 1.096 GC heap before
{Heap before GC invocations=1 (full 0):
 garbage-first heap   total 260096K, used 33409K [0x0000000703600000, 0x0000000800000000)
  region size 2048K, 17 young (34816K), 2 survivors (4096K)
 Metaspace       used 10342K, committed 10560K, reserved 1114112K
  class space    used 1220K, committed 1344K, reserved 1048576K
}
Event: 1.099 GC heap after
{Heap after GC invocations=2 (full 0):
 garbage-first heap   total 260096K, used 6477K [0x0000000703600000, 0x0000000800000000)
  region size 2048K, 1 young (2048K), 1 survivors (2048K)
 Metaspace       used 10342K, committed 10560K, reserved 1114112K
  class space    used 1220K, committed 1344K, reserved 1048576K
}
Event: 1.399 GC heap before
{Heap before GC invocations=2 (full 0):
 garbage-first heap   total 260096K, used 65869K [0x0000000703600000, 0x0000000800000000)
  region size 2048K, 32 young (65536K), 1 survivors (2048K)
 Metaspace       used 16291K, committed 16704K, reserved 1114112K
  class space    used 2059K, committed 2240K, reserved 1048576K
}
Event: 1.403 GC heap after
{Heap after GC invocations=3 (full 0):
 garbage-first heap   total 260096K, used 8499K [0x0000000703600000, 0x0000000800000000)
  region size 2048K, 2 young (4096K), 2 survivors (4096K)
 Metaspace       used 16291K, committed 16704K, reserved 1114112K
  class space    used 2059K, committed 2240K, reserved 1048576K
}
Event: 1.472 GC heap before
{Heap before GC invocations=4 (full 0):
 garbage-first heap   total 34816K, used 33075K [0x0000000703600000, 0x0000000800000000)
  region size 2048K, 14 young (28672K), 2 survivors (4096K)
 Metaspace       used 18379K, committed 18752K, reserved 1114112K
  class space    used 2330K, committed 2496K, reserved 1048576K
}
Event: 1.475 GC heap after
{Heap after GC invocations=5 (full 0):
 garbage-first heap   total 40960K, used 9493K [0x0000000703600000, 0x0000000800000000)
  region size 2048K, 3 young (6144K), 3 survivors (6144K)
 Metaspace       used 18379K, committed 18752K, reserved 1114112K
  class space    used 2330K, committed 2496K, reserved 1048576K
}
Event: 1.510 GC heap before
{Heap before GC invocations=5 (full 0):
 garbage-first heap   total 40960K, used 27925K [0x0000000703600000, 0x0000000800000000)
  region size 2048K, 12 young (24576K), 3 survivors (6144K)
 Metaspace       used 19745K, committed 20160K, reserved 1114112K
  class space    used 2510K, committed 2688K, reserved 1048576K
}
Event: 1.513 GC heap after
{Heap after GC invocations=6 (full 0):
 garbage-first heap   total 40960K, used 9424K [0x0000000703600000, 0x0000000800000000)
  region size 2048K, 1 young (2048K), 1 survivors (2048K)
 Metaspace       used 19745K, committed 20160K, reserved 1114112K
  class space    used 2510K, committed 2688K, reserved 1048576K
}
Event: 1.582 GC heap before
{Heap before GC invocations=6 (full 0):
 garbage-first heap   total 40960K, used 31952K [0x0000000703600000, 0x0000000800000000)
  region size 2048K, 12 young (24576K), 1 survivors (2048K)
 Metaspace       used 21540K, committed 21952K, reserved 1114112K
  class space    used 2745K, committed 2944K, reserved 1048576K
}
Event: 1.585 GC heap after
{Heap after GC invocations=7 (full 0):
 garbage-first heap   total 151552K, used 10662K [0x0000000703600000, 0x0000000800000000)
  region size 2048K, 2 young (4096K), 2 survivors (4096K)
 Metaspace       used 21540K, committed 21952K, reserved 1114112K
  class space    used 2745K, committed 2944K, reserved 1048576K
}
Event: 2.177 GC heap before
{Heap before GC invocations=7 (full 0):
 garbage-first heap   total 151552K, used 92582K [0x0000000703600000, 0x0000000800000000)
  region size 2048K, 43 young (88064K), 2 survivors (4096K)
 Metaspace       used 27525K, committed 27968K, reserved 1114112K
  class space    used 3650K, committed 3840K, reserved 1048576K
}
Event: 2.183 GC heap after
{Heap after GC invocations=8 (full 0):
 garbage-first heap   total 151552K, used 14275K [0x0000000703600000, 0x0000000800000000)
  region size 2048K, 3 young (6144K), 3 survivors (6144K)
 Metaspace       used 27525K, committed 27968K, reserved 1114112K
  class space    used 3650K, committed 3840K, reserved 1048576K
}
Event: 2.407 GC heap before
{Heap before GC invocations=9 (full 0):
 garbage-first heap   total 49152K, used 49091K [0x0000000703600000, 0x0000000800000000)
  region size 2048K, 20 young (40960K), 3 survivors (6144K)
 Metaspace       used 30574K, committed 31168K, reserved 1114112K
  class space    used 4042K, committed 4352K, reserved 1048576K
}
Event: 2.411 GC heap after
{Heap after GC invocations=10 (full 0):
 garbage-first heap   total 57344K, used 15700K [0x0000000703600000, 0x0000000800000000)
  region size 2048K, 4 young (8192K), 4 survivors (8192K)
 Metaspace       used 30574K, committed 31168K, reserved 1114112K
  class space    used 4042K, committed 4352K, reserved 1048576K
}
Event: 2.535 GC heap before
{Heap before GC invocations=10 (full 0):
 garbage-first heap   total 57344K, used 38228K [0x0000000703600000, 0x0000000800000000)
  region size 2048K, 16 young (32768K), 4 survivors (8192K)
 Metaspace       used 32958K, committed 33472K, reserved 1114112K
  class space    used 4376K, committed 4608K, reserved 1048576K
}
Event: 2.540 GC heap after
{Heap after GC invocations=11 (full 0):
 garbage-first heap   total 57344K, used 16105K [0x0000000703600000, 0x0000000800000000)
  region size 2048K, 2 young (4096K), 2 survivors (4096K)
 Metaspace       used 32958K, committed 33472K, reserved 1114112K
  class space    used 4376K, committed 4608K, reserved 1048576K
}
Event: 2.726 GC heap before
{Heap before GC invocations=11 (full 0):
 garbage-first heap   total 57344K, used 44777K [0x0000000703600000, 0x0000000800000000)
  region size 2048K, 16 young (32768K), 2 survivors (4096K)
 Metaspace       used 35331K, committed 35904K, reserved 1114112K
  class space    used 4762K, committed 4992K, reserved 1048576K
}
Event: 2.729 GC heap after
{Heap after GC invocations=12 (full 0):
 garbage-first heap   total 57344K, used 17447K [0x0000000703600000, 0x0000000800000000)
  region size 2048K, 2 young (4096K), 2 survivors (4096K)
 Metaspace       used 35331K, committed 35904K, reserved 1114112K
  class space    used 4762K, committed 4992K, reserved 1048576K
}
Event: 1130.299 GC heap before
{Heap before GC invocations=12 (full 0):
 garbage-first heap   total 57344K, used 46119K [0x0000000703600000, 0x0000000800000000)
  region size 2048K, 16 young (32768K), 2 survivors (4096K)
 Metaspace       used 35876K, committed 36480K, reserved 1114112K
  class space    used 4852K, committed 5120K, reserved 1048576K
}

Dll operation events (12 events):
Event: 0.175 Loaded shared library C:\sts-4.27.0.RELEASE\plugins\org.eclipse.justj.openjdk.hotspot.jre.full.win32.x86_64_21.0.5.v20241023-1957\jre\bin\java.dll
Event: 0.195 Loaded shared library C:\sts-4.27.0.RELEASE\plugins\org.eclipse.justj.openjdk.hotspot.jre.full.win32.x86_64_21.0.5.v20241023-1957\jre\bin\zip.dll
Event: 0.495 Loaded shared library C:\sts-4.27.0.RELEASE\plugins\org.eclipse.justj.openjdk.hotspot.jre.full.win32.x86_64_21.0.5.v20241023-1957\jre\bin\instrument.dll
Event: 0.499 Loaded shared library C:\sts-4.27.0.RELEASE\plugins\org.eclipse.justj.openjdk.hotspot.jre.full.win32.x86_64_21.0.5.v20241023-1957\jre\bin\net.dll
Event: 0.500 Loaded shared library C:\sts-4.27.0.RELEASE\plugins\org.eclipse.justj.openjdk.hotspot.jre.full.win32.x86_64_21.0.5.v20241023-1957\jre\bin\nio.dll
Event: 0.502 Loaded shared library C:\sts-4.27.0.RELEASE\plugins\org.eclipse.justj.openjdk.hotspot.jre.full.win32.x86_64_21.0.5.v20241023-1957\jre\bin\zip.dll
Event: 0.592 Loaded shared library C:\sts-4.27.0.RELEASE\plugins\org.eclipse.justj.openjdk.hotspot.jre.full.win32.x86_64_21.0.5.v20241023-1957\jre\bin\jimage.dll
Event: 0.628 Loaded shared library C:\sts-4.27.0.RELEASE\plugins\org.eclipse.justj.openjdk.hotspot.jre.full.win32.x86_64_21.0.5.v20241023-1957\jre\bin\management.dll
Event: 0.641 Loaded shared library C:\sts-4.27.0.RELEASE\plugins\org.eclipse.justj.openjdk.hotspot.jre.full.win32.x86_64_21.0.5.v20241023-1957\jre\bin\management_ext.dll
Event: 0.797 Loaded shared library C:\sts-4.27.0.RELEASE\plugins\org.eclipse.justj.openjdk.hotspot.jre.full.win32.x86_64_21.0.5.v20241023-1957\jre\bin\extnet.dll
Event: 0.816 Loaded shared library C:\sts-4.27.0.RELEASE\plugins\org.eclipse.justj.openjdk.hotspot.jre.full.win32.x86_64_21.0.5.v20241023-1957\jre\bin\verify.dll
Event: 1.575 Loaded shared library C:\sts-4.27.0.RELEASE\plugins\org.eclipse.justj.openjdk.hotspot.jre.full.win32.x86_64_21.0.5.v20241023-1957\jre\bin\sunmscapi.dll

Deoptimization events (20 events):
Event: 2.749 Thread 0x000002941b745bc0 DEOPT PACKING pc=0x000002941fa3f8d4 sp=0x000000cb03bfcab0
Event: 2.749 Thread 0x000002941b745bc0 DEOPT UNPACKING pc=0x000002941f2a88e2 sp=0x000000cb03bfc0d0 mode 1
Event: 2.750 Thread 0x000002941b745bc0 DEOPT PACKING pc=0x000002941f7bee59 sp=0x000000cb03bfbb50
Event: 2.750 Thread 0x000002941b745bc0 DEOPT UNPACKING pc=0x000002941f2a88e2 sp=0x000000cb03bfafa8 mode 1
Event: 2.750 Thread 0x000002941b745bc0 DEOPT PACKING pc=0x000002941f7a7fac sp=0x000000cb03bfbbe0
Event: 2.750 Thread 0x000002941b745bc0 DEOPT UNPACKING pc=0x000002941f2a88e2 sp=0x000000cb03bfb088 mode 1
Event: 2.750 Thread 0x000002941b745bc0 DEOPT PACKING pc=0x000002941f774d14 sp=0x000000cb03bfc660
Event: 2.750 Thread 0x000002941b745bc0 DEOPT UNPACKING pc=0x000002941f2a88e2 sp=0x000000cb03bfbb28 mode 1
Event: 2.750 Thread 0x000002941b745bc0 DEOPT PACKING pc=0x000002941fa3f8d4 sp=0x000000cb03bfc6f0
Event: 2.750 Thread 0x000002941b745bc0 DEOPT UNPACKING pc=0x000002941f2a88e2 sp=0x000000cb03bfbd10 mode 1
Event: 2.755 Thread 0x000002941b745bc0 DEOPT PACKING pc=0x000002941f7bee59 sp=0x000000cb03bfc320
Event: 2.755 Thread 0x000002941b745bc0 DEOPT UNPACKING pc=0x000002941f2a88e2 sp=0x000000cb03bfb778 mode 1
Event: 2.755 Thread 0x000002941b745bc0 DEOPT PACKING pc=0x000002941f7a7fac sp=0x000000cb03bfc3b0
Event: 2.755 Thread 0x000002941b745bc0 DEOPT UNPACKING pc=0x000002941f2a88e2 sp=0x000000cb03bfb858 mode 1
Event: 2.755 Thread 0x000002941b745bc0 DEOPT PACKING pc=0x000002941f774d14 sp=0x000000cb03bfce30
Event: 2.755 Thread 0x000002941b745bc0 DEOPT UNPACKING pc=0x000002941f2a88e2 sp=0x000000cb03bfc2f8 mode 1
Event: 2.755 Thread 0x000002941b745bc0 DEOPT PACKING pc=0x000002941fa3f8d4 sp=0x000000cb03bfcec0
Event: 2.755 Thread 0x000002941b745bc0 DEOPT UNPACKING pc=0x000002941f2a88e2 sp=0x000000cb03bfc4e0 mode 1
Event: 28.918 Thread 0x000002941b745bc0 DEOPT PACKING pc=0x000002941f610134 sp=0x000000cb03bfd800
Event: 28.918 Thread 0x000002941b745bc0 DEOPT UNPACKING pc=0x000002941f2a88e2 sp=0x000000cb03bfccb8 mode 0

Classes loaded (20 events):
Event: 2.716 Loading class java/util/concurrent/CompletionStage done
Event: 2.716 Loading class java/util/concurrent/CompletableFuture done
Event: 2.717 Loading class java/util/concurrent/CompletableFuture$AltResult
Event: 2.717 Loading class java/util/concurrent/CompletableFuture$AltResult done
Event: 2.717 Loading class java/util/concurrent/CompletableFuture$Completion
Event: 2.717 Loading class java/util/concurrent/CompletableFuture$AsynchronousCompletionTask
Event: 2.717 Loading class java/util/concurrent/CompletableFuture$AsynchronousCompletionTask done
Event: 2.725 Loading class java/util/concurrent/CompletableFuture$Completion done
Event: 2.750 Loading class java/lang/Package$1PackageInfoProxy
Event: 2.750 Loading class java/lang/Package$1PackageInfoProxy done
Event: 2.756 Loading class java/util/ArrayList$ListItr
Event: 2.756 Loading class java/util/ArrayList$ListItr done
Event: 3.136 Loading class sun/reflect/misc/MethodUtil
Event: 3.137 Loading class sun/reflect/misc/MethodUtil done
Event: 3.137 Loading class sun/reflect/misc/MethodUtil$1
Event: 3.137 Loading class sun/reflect/misc/MethodUtil$1 done
Event: 3.137 Loading class java/security/AllPermissionCollection
Event: 3.137 Loading class java/security/AllPermissionCollection done
Event: 12.537 Loading class java/util/concurrent/ConcurrentLinkedDeque$CLDSpliterator
Event: 12.537 Loading class java/util/concurrent/ConcurrentLinkedDeque$CLDSpliterator done

Classes unloaded (0 events):
No events

Classes redefined (0 events):
No events

Internal exceptions (20 events):
Event: 2.268 Thread 0x000002941b745bc0 Exception <a 'java/lang/NoSuchMethodError'{0x0000000705369b68}: 'int java.lang.invoke.DelegatingMethodHandle$Holder.reinvoke_L(java.lang.Object, java.lang.Object, java.lang.Object, java.lang.Object)'> (0x0000000705369b68) 
thrown [s\src\hotspot\share\interpreter\linkResolver.cpp, line 773]
Event: 2.304 Thread 0x000002941b745bc0 Exception <a 'java/io/FileNotFoundException'{0x0000000704c64b08}> (0x0000000704c64b08) 
thrown [s\src\hotspot\share\prims\jni.cpp, line 520]
Event: 2.318 Thread 0x000002941b745bc0 Exception <a 'java/lang/NoSuchMethodError'{0x0000000704aa15a0}: 'int java.lang.invoke.DirectMethodHandle$Holder.invokeInterface(java.lang.Object, java.lang.Object, java.lang.Object, java.lang.Object)'> (0x0000000704aa15a0) 
thrown [s\src\hotspot\share\interpreter\linkResolver.cpp, line 773]
Event: 2.345 Thread 0x000002941b745bc0 Exception <a 'java/lang/NoSuchMethodError'{0x0000000704676150}: 'long java.lang.invoke.DirectMethodHandle$Holder.invokeVirtual(java.lang.Object, java.lang.Object)'> (0x0000000704676150) 
thrown [s\src\hotspot\share\interpreter\linkResolver.cpp, line 773]
Event: 2.361 Thread 0x000002941b745bc0 Exception <a 'java/lang/NoSuchMethodError'{0x00000007047f5980}: 'void java.lang.invoke.Invokers$Holder.invokeExact_MT(java.lang.Object, java.lang.Object, java.lang.Object, java.lang.Object)'> (0x00000007047f5980) 
thrown [s\src\hotspot\share\interpreter\linkResolver.cpp, line 773]
Event: 2.468 Thread 0x000002941b745bc0 Exception <a 'sun/nio/fs/WindowsException'{0x0000000705d34b00}> (0x0000000705d34b00) 
thrown [s\src\hotspot\share\prims\jni.cpp, line 520]
Event: 2.476 Thread 0x000002941b745bc0 Exception <a 'sun/nio/fs/WindowsException'{0x0000000705a58240}> (0x0000000705a58240) 
thrown [s\src\hotspot\share\prims\jni.cpp, line 520]
Event: 2.496 Thread 0x000002941b745bc0 Exception <a 'java/lang/NoSuchMethodError'{0x00000007056ed430}: 'long java.lang.invoke.DirectMethodHandle$Holder.invokeStatic(java.lang.Object)'> (0x00000007056ed430) 
thrown [s\src\hotspot\share\interpreter\linkResolver.cpp, line 773]
Event: 2.498 Thread 0x000002941b745bc0 Exception <a 'sun/nio/fs/WindowsException'{0x0000000705448228}> (0x0000000705448228) 
thrown [s\src\hotspot\share\prims\jni.cpp, line 520]
Event: 2.501 Thread 0x0000029470c33da0 Exception <a 'java/lang/NoSuchMethodError'{0x00000007055a1130}: 'java.lang.Object java.lang.invoke.DirectMethodHandle$Holder.invokeStatic(java.lang.Object, long, long)'> (0x00000007055a1130) 
thrown [s\src\hotspot\share\interpreter\linkResolver.cpp, line 773]
Event: 2.502 Thread 0x0000029470c33da0 Exception <a 'java/lang/NoSuchMethodError'{0x00000007055ae638}: 'java.lang.Object java.lang.invoke.DirectMethodHandle$Holder.invokeInterface(java.lang.Object, java.lang.Object, long)'> (0x00000007055ae638) 
thrown [s\src\hotspot\share\interpreter\linkResolver.cpp, line 773]
Event: 2.514 Thread 0x0000029470c33da0 Exception <a 'java/lang/NoSuchMethodError'{0x00000007053cf8a8}: 'void java.lang.invoke.DirectMethodHandle$Holder.invokeStatic(java.lang.Object, long)'> (0x00000007053cf8a8) 
thrown [s\src\hotspot\share\interpreter\linkResolver.cpp, line 773]
Event: 2.532 Thread 0x0000029470c33da0 Exception <a 'java/lang/NoSuchMethodError'{0x0000000704fa1a90}: 'void java.lang.invoke.DirectMethodHandle$Holder.invokeStatic(java.lang.Object, java.lang.Object, long)'> (0x0000000704fa1a90) 
thrown [s\src\hotspot\share\interpreter\linkResolver.cpp, line 773]
Event: 2.564 Thread 0x000002941b745bc0 Exception <a 'java/lang/IncompatibleClassChangeError'{0x0000000707426158}: Found class java.lang.Object, but interface was expected> (0x0000000707426158) 
thrown [s\src\hotspot\share\interpreter\linkResolver.cpp, line 840]
Event: 2.567 Thread 0x000002941b745bc0 Exception <a 'java/lang/NoSuchMethodError'{0x000000070747b890}: 'java.lang.Object java.lang.invoke.DirectMethodHandle$Holder.newInvokeSpecial(java.lang.Object, java.lang.Object, java.lang.Object, int, int)'> (0x000000070747b890) 
thrown [s\src\hotspot\share\interpreter\linkResolver.cpp, line 773]
Event: 2.582 Thread 0x000002941b745bc0 Exception <a 'java/lang/IncompatibleClassChangeError'{0x00000007075fcda8}: Found class java.lang.Object, but interface was expected> (0x00000007075fcda8) 
thrown [s\src\hotspot\share\interpreter\linkResolver.cpp, line 840]
Event: 2.606 Thread 0x000002941b745bc0 Exception <a 'java/lang/IncompatibleClassChangeError'{0x0000000706244f30}: Found class java.lang.Object, but interface was expected> (0x0000000706244f30) 
thrown [s\src\hotspot\share\interpreter\linkResolver.cpp, line 840]
Event: 2.693 Thread 0x000002941b745bc0 Exception <a 'java/lang/NoSuchMethodError'{0x00000007059bb248}: 'long java.lang.invoke.DirectMethodHandle$Holder.invokeVirtual(java.lang.Object, java.lang.Object, java.lang.Object, java.lang.Object, java.lang.Object, java.lang.Object)'> (0x00000007059bb248) 
thrown [s\src\hotspot\share\interpreter\linkResolver.cpp, line 773]
Event: 2.744 Thread 0x000002941b745bc0 Exception <a 'java/lang/IncompatibleClassChangeError'{0x000000070766a698}: Found class java.lang.Object, but interface was expected> (0x000000070766a698) 
thrown [s\src\hotspot\share\interpreter\linkResolver.cpp, line 840]
Event: 62.453 Thread 0x0000029470c36500 Exception <a 'java/lang/NoSuchMethodError'{0x000000070645c288}: 'java.lang.Object java.lang.invoke.DirectMethodHandle$Holder.newInvokeSpecial(java.lang.Object, java.lang.Object, long)'> (0x000000070645c288) 
thrown [s\src\hotspot\share\interpreter\linkResolver.cpp, line 773]

ZGC Phase Switch (0 events):
No events

VM Operations (20 events):
Event: 634.034 Executing VM operation: Cleanup done
Event: 653.151 Executing VM operation: Cleanup
Event: 653.151 Executing VM operation: Cleanup done
Event: 712.616 Executing VM operation: Cleanup
Event: 712.616 Executing VM operation: Cleanup done
Event: 732.732 Executing VM operation: Cleanup
Event: 732.732 Executing VM operation: Cleanup done
Event: 843.663 Executing VM operation: Cleanup
Event: 843.663 Executing VM operation: Cleanup done
Event: 853.725 Executing VM operation: Cleanup
Event: 853.725 Executing VM operation: Cleanup done
Event: 873.828 Executing VM operation: Cleanup
Event: 873.829 Executing VM operation: Cleanup done
Event: 882.875 Executing VM operation: Cleanup
Event: 882.875 Executing VM operation: Cleanup done
Event: 903.007 Executing VM operation: Cleanup
Event: 903.007 Executing VM operation: Cleanup done
Event: 963.411 Executing VM operation: Cleanup
Event: 963.411 Executing VM operation: Cleanup done
Event: 1130.299 Executing VM operation: G1CollectForAllocation (G1 Evacuation Pause)

Memory protections (0 events):
No events

Nmethod flushes (20 events):
Event: 2.191 Thread 0x000002942956ccc0 flushing  nmethod 0x000002941f6bbf90
Event: 2.191 Thread 0x000002942956ccc0 flushing  nmethod 0x000002941f503a10
Event: 2.191 Thread 0x000002942956ccc0 flushing  nmethod 0x000002941f583a10
Event: 2.191 Thread 0x000002942956ccc0 flushing  nmethod 0x000002941f5bf990
Event: 2.191 Thread 0x000002942956ccc0 flushing  nmethod 0x000002941f5f2e90
Event: 2.191 Thread 0x000002942956ccc0 flushing  nmethod 0x000002941f6c1610
Event: 2.191 Thread 0x000002942956ccc0 flushing  nmethod 0x000002941f751c90
Event: 2.191 Thread 0x000002942956ccc0 flushing  nmethod 0x000002941f903290
Event: 2.191 Thread 0x000002942956ccc0 flushing  nmethod 0x000002941f44b110
Event: 2.191 Thread 0x000002942956ccc0 flushing  nmethod 0x000002941f570890
Event: 2.191 Thread 0x000002942956ccc0 flushing  nmethod 0x000002941f5fe210
Event: 2.191 Thread 0x000002942956ccc0 flushing  nmethod 0x000002941f6a3510
Event: 2.191 Thread 0x000002942956ccc0 flushing  nmethod 0x000002941f6a4f90
Event: 2.191 Thread 0x000002942956ccc0 flushing  nmethod 0x000002941f6a8310
Event: 2.191 Thread 0x000002942956ccc0 flushing  nmethod 0x000002941f70cc10
Event: 2.191 Thread 0x000002942956ccc0 flushing  nmethod 0x000002941f710a10
Event: 2.191 Thread 0x000002942956ccc0 flushing  nmethod 0x000002941f76c490
Event: 2.191 Thread 0x000002942956ccc0 flushing  nmethod 0x000002941f76ca90
Event: 2.191 Thread 0x000002942956ccc0 flushing  nmethod 0x000002941f814a90
Event: 2.191 Thread 0x000002942956ccc0 flushing  nmethod 0x000002941f927d90

Events (20 events):
Event: 4.148 Thread 0x000002946f93cac0 Thread exited: 0x000002946f93cac0
Event: 4.148 Thread 0x000002946f115c70 Thread exited: 0x000002946f115c70
Event: 4.651 Thread 0x000002946f1135c0 Thread exited: 0x000002946f1135c0
Event: 91.097 Thread 0x000002946fe48360 Thread exited: 0x000002946fe48360
Event: 182.550 Thread 0x000002946f028710 Thread added: 0x0000029470537310
Event: 187.665 Thread 0x0000029470537310 Thread exited: 0x0000029470537310
Event: 192.096 Thread 0x000002946f028710 Thread added: 0x0000029470537310
Event: 192.097 Thread 0x000002946f028710 Thread added: 0x00000294705379b0
Event: 192.097 Thread 0x000002946f028710 Thread added: 0x0000029470538050
Event: 192.647 Thread 0x0000029470538050 Thread exited: 0x0000029470538050
Event: 198.226 Thread 0x00000294705379b0 Thread exited: 0x00000294705379b0
Event: 207.689 Thread 0x0000029470537310 Thread exited: 0x0000029470537310
Event: 222.555 Thread 0x000002946f028710 Thread added: 0x0000029470537310
Event: 227.588 Thread 0x0000029470537310 Thread exited: 0x0000029470537310
Event: 633.020 Thread 0x000002946f028710 Thread added: 0x000002946f8c8940
Event: 638.022 Thread 0x000002946f8c8940 Thread exited: 0x000002946f8c8940
Event: 762.596 Thread 0x000002946f028710 Thread added: 0x00000294700f8160
Event: 767.598 Thread 0x00000294700f8160 Thread exited: 0x00000294700f8160
Event: 953.299 Thread 0x000002946f028710 Thread added: 0x000002946f8ccf10
Event: 958.305 Thread 0x000002946f8ccf10 Thread exited: 0x000002946f8ccf10


Dynamic libraries:
0x00007ff78f3e0000 - 0x00007ff78f3ee000 	C:\sts-4.27.0.RELEASE\plugins\org.eclipse.justj.openjdk.hotspot.jre.full.win32.x86_64_21.0.5.v20241023-1957\jre\bin\javaw.exe
0x00007ff9fd0a0000 - 0x00007ff9fd303000 	C:\WINDOWS\SYSTEM32\ntdll.dll
0x00007ff9fc4e0000 - 0x00007ff9fc5a8000 	C:\WINDOWS\System32\KERNEL32.DLL
0x00007ff9faaa0000 - 0x00007ff9fae52000 	C:\WINDOWS\System32\KERNELBASE.dll
0x00007ff9fa520000 - 0x00007ff9fa66b000 	C:\WINDOWS\System32\ucrtbase.dll
0x00007ff9ea910000 - 0x00007ff9ea928000 	C:\sts-4.27.0.RELEASE\plugins\org.eclipse.justj.openjdk.hotspot.jre.full.win32.x86_64_21.0.5.v20241023-1957\jre\bin\jli.dll
0x00007ff9ea930000 - 0x00007ff9ea94e000 	C:\sts-4.27.0.RELEASE\plugins\org.eclipse.justj.openjdk.hotspot.jre.full.win32.x86_64_21.0.5.v20241023-1957\jre\bin\VCRUNTIME140.dll
0x00007ff9fc140000 - 0x00007ff9fc308000 	C:\WINDOWS\System32\USER32.dll
0x00007ff9fa920000 - 0x00007ff9fa947000 	C:\WINDOWS\System32\win32u.dll
0x00007ff9fb080000 - 0x00007ff9fb0aa000 	C:\WINDOWS\System32\GDI32.dll
0x00007ff9ba5e0000 - 0x00007ff9ba870000 	C:\WINDOWS\WinSxS\amd64_microsoft.windows.common-controls_6595b64144ccf1df_6.0.26100.2454_none_3e0b68a2e331ad60\COMCTL32.dll
0x00007ff9fa7f0000 - 0x00007ff9fa91b000 	C:\WINDOWS\System32\gdi32full.dll
0x00007ff9fb210000 - 0x00007ff9fb2b9000 	C:\WINDOWS\System32\msvcrt.dll
0x00007ff9fa470000 - 0x00007ff9fa513000 	C:\WINDOWS\System32\msvcp_win.dll
0x00007ff9fc3c0000 - 0x00007ff9fc3ef000 	C:\WINDOWS\System32\IMM32.DLL
0x00007ff9ea900000 - 0x00007ff9ea90c000 	C:\sts-4.27.0.RELEASE\plugins\org.eclipse.justj.openjdk.hotspot.jre.full.win32.x86_64_21.0.5.v20241023-1957\jre\bin\vcruntime140_1.dll
0x00007ff9ea870000 - 0x00007ff9ea8fd000 	C:\sts-4.27.0.RELEASE\plugins\org.eclipse.justj.openjdk.hotspot.jre.full.win32.x86_64_21.0.5.v20241023-1957\jre\bin\msvcp140.dll
0x00007ff9e81c0000 - 0x00007ff9e8f4f000 	C:\sts-4.27.0.RELEASE\plugins\org.eclipse.justj.openjdk.hotspot.jre.full.win32.x86_64_21.0.5.v20241023-1957\jre\bin\server\jvm.dll
0x00007ff9fbbf0000 - 0x00007ff9fbca4000 	C:\WINDOWS\System32\ADVAPI32.dll
0x00007ff9fb650000 - 0x00007ff9fb6f6000 	C:\WINDOWS\System32\sechost.dll
0x00007ff9fb890000 - 0x00007ff9fb9a6000 	C:\WINDOWS\System32\RPCRT4.dll
0x00007ff9fc8d0000 - 0x00007ff9fc944000 	C:\WINDOWS\System32\WS2_32.dll
0x00007ff9e2410000 - 0x00007ff9e241b000 	C:\WINDOWS\SYSTEM32\VERSION.dll
0x00007ff9e2420000 - 0x00007ff9e2456000 	C:\WINDOWS\SYSTEM32\WINMM.dll
0x00007ff9f9100000 - 0x00007ff9f914e000 	C:\WINDOWS\SYSTEM32\POWRPROF.dll
0x00007ff9f90e0000 - 0x00007ff9f90f4000 	C:\WINDOWS\SYSTEM32\UMPDC.dll
0x00007ff9f93c0000 - 0x00007ff9f93da000 	C:\WINDOWS\SYSTEM32\kernel.appcore.dll
0x00007ff9f1760000 - 0x00007ff9f176a000 	C:\sts-4.27.0.RELEASE\plugins\org.eclipse.justj.openjdk.hotspot.jre.full.win32.x86_64_21.0.5.v20241023-1957\jre\bin\jimage.dll
0x00007ff9f7bb0000 - 0x00007ff9f7df1000 	C:\WINDOWS\SYSTEM32\DBGHELP.DLL
0x00007ff9fb2c0000 - 0x00007ff9fb63e000 	C:\WINDOWS\System32\combase.dll
0x00007ff9fc400000 - 0x00007ff9fc4d6000 	C:\WINDOWS\System32\OLEAUT32.dll
0x00007ff9d0bb0000 - 0x00007ff9d0be9000 	C:\WINDOWS\SYSTEM32\dbgcore.DLL
0x00007ff9fae60000 - 0x00007ff9faef9000 	C:\WINDOWS\System32\bcryptPrimitives.dll
0x00007ff9ee150000 - 0x00007ff9ee18c000 	C:\sts-4.27.0.RELEASE\plugins\org.eclipse.justj.openjdk.hotspot.jre.full.win32.x86_64_21.0.5.v20241023-1957\jre\bin\jdwp.dll
0x00007ff9ee140000 - 0x00007ff9ee14f000 	C:\sts-4.27.0.RELEASE\plugins\org.eclipse.justj.openjdk.hotspot.jre.full.win32.x86_64_21.0.5.v20241023-1957\jre\bin\instrument.dll
0x00007ff9f1710000 - 0x00007ff9f172f000 	C:\sts-4.27.0.RELEASE\plugins\org.eclipse.justj.openjdk.hotspot.jre.full.win32.x86_64_21.0.5.v20241023-1957\jre\bin\java.dll
0x00007ff9fc950000 - 0x00007ff9fd051000 	C:\WINDOWS\System32\SHELL32.dll
0x00007ff9f8150000 - 0x00007ff9f8981000 	C:\WINDOWS\SYSTEM32\windows.storage.dll
0x00007ff9fb790000 - 0x00007ff9fb86a000 	C:\WINDOWS\System32\SHCORE.dll
0x00007ff9fb730000 - 0x00007ff9fb78d000 	C:\WINDOWS\System32\shlwapi.dll
0x00007ff9fa380000 - 0x00007ff9fa3ae000 	C:\WINDOWS\SYSTEM32\profapi.dll
0x00007ff9e81a0000 - 0x00007ff9e81b8000 	C:\sts-4.27.0.RELEASE\plugins\org.eclipse.justj.openjdk.hotspot.jre.full.win32.x86_64_21.0.5.v20241023-1957\jre\bin\zip.dll
0x00007ff9ee130000 - 0x00007ff9ee13b000 	C:\sts-4.27.0.RELEASE\plugins\org.eclipse.justj.openjdk.hotspot.jre.full.win32.x86_64_21.0.5.v20241023-1957\jre\bin\dt_socket.dll
0x00007ff9f8dc0000 - 0x00007ff9f8df2000 	C:\WINDOWS\SYSTEM32\IPHLPAPI.DLL
0x00007ff9f98c0000 - 0x00007ff9f9928000 	C:\WINDOWS\system32\mswsock.dll
0x00007ff9f8e00000 - 0x00007ff9f8f25000 	C:\WINDOWS\SYSTEM32\DNSAPI.dll
0x00007ff9fb870000 - 0x00007ff9fb87a000 	C:\WINDOWS\System32\NSI.dll
0x00007ff9ef240000 - 0x00007ff9ef24b000 	C:\Windows\System32\rasadhlp.dll
0x00007ff9f2e70000 - 0x00007ff9f2ef5000 	C:\WINDOWS\System32\fwpuclnt.dll
0x00007ff9f1750000 - 0x00007ff9f1760000 	C:\sts-4.27.0.RELEASE\plugins\org.eclipse.justj.openjdk.hotspot.jre.full.win32.x86_64_21.0.5.v20241023-1957\jre\bin\net.dll
0x00007ff9f2030000 - 0x00007ff9f2156000 	C:\WINDOWS\SYSTEM32\WINHTTP.dll
0x00007ff9e8180000 - 0x00007ff9e8196000 	C:\sts-4.27.0.RELEASE\plugins\org.eclipse.justj.openjdk.hotspot.jre.full.win32.x86_64_21.0.5.v20241023-1957\jre\bin\nio.dll
0x00007ff9ea6e0000 - 0x00007ff9ea6ea000 	C:\sts-4.27.0.RELEASE\plugins\org.eclipse.justj.openjdk.hotspot.jre.full.win32.x86_64_21.0.5.v20241023-1957\jre\bin\management.dll
0x00007ff9ea6d0000 - 0x00007ff9ea6db000 	C:\sts-4.27.0.RELEASE\plugins\org.eclipse.justj.openjdk.hotspot.jre.full.win32.x86_64_21.0.5.v20241023-1957\jre\bin\management_ext.dll
0x00007ff9fc8b0000 - 0x00007ff9fc8b8000 	C:\WINDOWS\System32\PSAPI.DLL
0x00007ff9c6890000 - 0x00007ff9c68a8000 	C:\WINDOWS\system32\napinsp.dll
0x00007ff9c6870000 - 0x00007ff9c6882000 	C:\WINDOWS\System32\winrnr.dll
0x00007ff9c63c0000 - 0x00007ff9c63e2000 	C:\WINDOWS\system32\nlansp_c.dll
0x00007ff9ef250000 - 0x00007ff9ef266000 	C:\WINDOWS\system32\wshbth.dll
0x00007ff9f9b70000 - 0x00007ff9f9b8c000 	C:\WINDOWS\SYSTEM32\CRYPTSP.dll
0x00007ff9f9320000 - 0x00007ff9f9358000 	C:\WINDOWS\system32\rsaenh.dll
0x00007ff9f9960000 - 0x00007ff9f998b000 	C:\WINDOWS\SYSTEM32\USERENV.dll
0x00007ff9f9da0000 - 0x00007ff9f9dc6000 	C:\WINDOWS\SYSTEM32\bcrypt.dll
0x00007ff9f9b60000 - 0x00007ff9f9b6c000 	C:\WINDOWS\SYSTEM32\CRYPTBASE.dll
0x00007ff9ea860000 - 0x00007ff9ea869000 	C:\sts-4.27.0.RELEASE\plugins\org.eclipse.justj.openjdk.hotspot.jre.full.win32.x86_64_21.0.5.v20241023-1957\jre\bin\extnet.dll
0x00007ff9e7b20000 - 0x00007ff9e7b30000 	C:\sts-4.27.0.RELEASE\plugins\org.eclipse.justj.openjdk.hotspot.jre.full.win32.x86_64_21.0.5.v20241023-1957\jre\bin\verify.dll
0x00007ff9e7fb0000 - 0x00007ff9e7fbe000 	C:\sts-4.27.0.RELEASE\plugins\org.eclipse.justj.openjdk.hotspot.jre.full.win32.x86_64_21.0.5.v20241023-1957\jre\bin\sunmscapi.dll
0x00007ff9fa670000 - 0x00007ff9fa7e6000 	C:\WINDOWS\System32\CRYPT32.dll
0x00007ff9f9d60000 - 0x00007ff9f9d90000 	C:\WINDOWS\SYSTEM32\ncrypt.dll
0x00007ff9f9d10000 - 0x00007ff9f9d4f000 	C:\WINDOWS\SYSTEM32\NTASN1.dll

dbghelp: loaded successfully - version: 4.0.5 - missing functions: none
symbol engine: initialized successfully - sym options: 0x614 - pdb path: .;C:\sts-4.27.0.RELEASE\plugins\org.eclipse.justj.openjdk.hotspot.jre.full.win32.x86_64_21.0.5.v20241023-1957\jre\bin;C:\WINDOWS\SYSTEM32;C:\WINDOWS\WinSxS\amd64_microsoft.windows.common-controls_6595b64144ccf1df_6.0.26100.2454_none_3e0b68a2e331ad60;C:\sts-4.27.0.RELEASE\plugins\org.eclipse.justj.openjdk.hotspot.jre.full.win32.x86_64_21.0.5.v20241023-1957\jre\bin\server

VM Arguments:
jvm_args: -XX:+ShowCodeDetailsInExceptionMessages -agentlib:jdwp=transport=dt_socket,suspend=y,address=localhost:50105 -Dcom.sun.management.jmxremote -Dcom.sun.management.jmxremote.port=50104 -Dcom.sun.management.jmxremote.authenticate=false -Dcom.sun.management.jmxremote.ssl=false -Djava.rmi.server.hostname=localhost -Dspring.jmx.enabled=true -Dmanagement.endpoints.jmx.exposure.include=* -Dspring.application.admin.enabled=true -XX:TieredStopAtLevel=1 -Dspring.boot.project.name=workshopmongo -javaagent:C:\sts-4.27.0.RELEASE\configuration\org.eclipse.osgi\275\0\.cp\lib\javaagent-shaded.jar -Dfile.encoding=UTF-8 -Dstdout.encoding=UTF-8 -Dstderr.encoding=UTF-8 
java_command: com.example.workshopmongo.WorkshopmongoApplication --spring.output.ansi.enabled=always
java_class_path (initial): C:\ws-sts\workshopmongo\target\classes;C:\Users\lucas\.m2\repository\org\springframework\boot\spring-boot-starter-web\3.4.2\spring-boot-starter-web-3.4.2.jar;C:\Users\lucas\.m2\repository\org\springframework\boot\spring-boot-starter\3.4.2\spring-boot-starter-3.4.2.jar;C:\Users\lucas\.m2\repository\org\springframework\boot\spring-boot\3.4.2\spring-boot-3.4.2.jar;C:\Users\lucas\.m2\repository\org\springframework\boot\spring-boot-autoconfigure\3.4.2\spring-boot-autoconfigure-3.4.2.jar;C:\Users\lucas\.m2\repository\org\springframework\boot\spring-boot-starter-logging\3.4.2\spring-boot-starter-logging-3.4.2.jar;C:\Users\lucas\.m2\repository\ch\qos\logback\logback-classic\1.5.16\logback-classic-1.5.16.jar;C:\Users\lucas\.m2\repository\ch\qos\logback\logback-core\1.5.16\logback-core-1.5.16.jar;C:\Users\lucas\.m2\repository\org\apache\logging\log4j\log4j-to-slf4j\2.24.3\log4j-to-slf4j-2.24.3.jar;C:\Users\lucas\.m2\repository\org\apache\logging\log4j\log4j-api\2.24.3\log4j-api-2.24.3.jar;C:\Users\lucas\.m2\repository\org\slf4j\jul-to-slf4j\2.0.16\jul-to-slf4j-2.0.16.jar;C:\Users\lucas\.m2\repository\jakarta\annotation\jakarta.annotation-api\2.1.1\jakarta.annotation-api-2.1.1.jar;C:\Users\lucas\.m2\repository\org\yaml\snakeyaml\2.3\snakeyaml-2.3.jar;C:\Users\lucas\.m2\repository\org\springframework\boot\spring-boot-starter-json\3.4.2\spring-boot-starter-json-3.4.2.jar;C:\Users\lucas\.m2\repository\com\fasterxml\jackson\core\jackson-databind\2.18.2\jackson-databind-2.18.2.jar;C:\Users\lucas\.m2\repository\com\fasterxml\jackson\core\jackson-annotations\2.18.2\jackson-annotations-2.18.2.jar;C:\Users\lucas\.m2\repository\com\fasterxml\jackson\core\jackson-core\2.18.2\jackson-core-2.18.2.jar;C:\Users\lucas\.m2\repository\com\fasterxml\jackson\datatype\jackson-datatype-jdk8\2.18.2\jackson-datatype-jdk8-2.18.2.jar;C:\Users\lucas\.m2\repository\com\fasterxml\jackson\datatype\jackson-datatype-jsr310\2.18.2\jackson-datatype-jsr310-2.18.2.jar;C:\Users\lucas\.m2\repository\com\fasterxml\jackson\module\jackson-module-parameter-names\2.18.2\jackson-module-parameter-names-2.18.2.jar;C:\Users\lucas\.m2\repository\org\springframework\boot\spring-boot-starter-tomcat\3.4.2\spring-boot-starter-tomcat-3.4.2.jar;C:\Users\lucas\.m2\repository\org\apache\tomcat\embed\tomcat-embed-core\10.1.34\tomcat-embed-core-10.1.34.jar;C:\Users\lucas\.m2\repository\org\apache\tomcat\embed\tomcat-embed-el\10.1.34\tomcat-embed-el-10.1.34.jar;C:\Users\lucas\.m2\repository\org\apache\tomcat\embed\tomcat-embed-websocket\10.1.34\tomcat-embed-websocket-10.1.34.jar;C:\Users\lucas\.m2\repository\org\springframework\spring-web\6.2.2\spring-web-6.2.2.jar;C:\Users\lucas\.m2\repository\org\springframework\spring-beans\6.2.2\spring-beans-6.2.2.jar;C:\Users\lucas\.m2\repository\io\micrometer\micrometer-observation\1.14.3\micrometer-observation-1.14.3.jar;C:\Users\lucas\.m2\repository\io\micrometer\micrometer-commons\1.14.3\micrometer-commons-1.14.3.jar;C:\Users\lucas\.m2\repository\org\springframework\spring-webmvc\6.2.2\spring-webmvc-6.2.2.jar;C:\Users\lucas\.m2\repository\org\springframework\spring-aop\6.2.2\spring-aop-6.2.2.jar;C:\Users\lucas\.m2\repository\org\springframework\spring-context\6.2.2\spring-context-6.2.2.jar;C:\Users\lucas\.m2\repository\org\springframework\spring-expression\6.2.2\spring-expression-6.2.2.jar;C:\Users\lucas\.m2\repository\org\slf4j\slf4j-api\2.0.16\slf4j-api-2.0.16.jar;C:\Users\lucas\.m2\repository\org\springframework\spring-core\6.2.2\spring-core-6.2.2.jar;C:\Users\lucas\.m2\repository\org\springframework\spring-jcl\6.2.2\spring-jcl-6.2.2.jar;C:\Users\lucas\.m2\repository\org\springframework\boot\spring-boot-starter-data-mongodb\3.4.2\spring-boot-starter-data-mongodb-3.4.2.jar;C:\Users\lucas\.m2\repository\org\mongodb\mongodb-driver-sync\5.2.1\mongodb-driver-sync-5.2.1.jar;C:\Users\lucas\.m2\repository\org\mongodb\bson\5.2.1\bson-5.2.1.jar;C:\Users\lucas\.m2\repository\org\mongodb\mongodb-driver-core\5.2.1\mongodb-driver-core-5.2.1.jar;C:\Users\lucas\.m2\repository\org\mongodb\bson-record-codec\5.2.1\bson-record-codec-5.2.1.jar;C:\Users\lucas\.m2\repository\org\springframework\data\spring-data-mongodb\4.4.2\spring-data-mongodb-4.4.2.jar;C:\Users\lucas\.m2\repository\org\springframework\spring-tx\6.2.2\spring-tx-6.2.2.jar;C:\Users\lucas\.m2\repository\org\springframework\data\spring-data-commons\3.4.2\spring-data-commons-3.4.2.jar
Launcher Type: SUN_STANDARD

[Global flags]
     intx CICompilerCount                          = 4                                         {product} {ergonomic}
     uint ConcGCThreads                            = 2                                         {product} {ergonomic}
     uint G1ConcRefinementThreads                  = 8                                         {product} {ergonomic}
   size_t G1HeapRegionSize                         = 2097152                                   {product} {ergonomic}
    uintx GCDrainStackTargetSize                   = 64                                        {product} {ergonomic}
   size_t InitialHeapSize                          = 266338304                                 {product} {ergonomic}
     bool ManagementServer                         = true                                      {product} {command line}
   size_t MarkStackSize                            = 4194304                                   {product} {ergonomic}
   size_t MaxHeapSize                              = 4238344192                                {product} {ergonomic}
   size_t MaxNewSize                               = 2541748224                                {product} {ergonomic}
   size_t MinHeapDeltaBytes                        = 2097152                                   {product} {ergonomic}
   size_t MinHeapSize                              = 8388608                                   {product} {ergonomic}
    uintx NonNMethodCodeHeapSize                   = 4096                                   {pd product} {ergonomic}
    uintx NonProfiledCodeHeapSize                  = 0                                      {pd product} {ergonomic}
     bool ProfileInterpreter                       = false                                  {pd product} {command line}
    uintx ProfiledCodeHeapSize                     = 0                                      {pd product} {ergonomic}
     bool ShowCodeDetailsInExceptionMessages       = true                                   {manageable} {command line}
   size_t SoftMaxHeapSize                          = 4238344192                             {manageable} {ergonomic}
     intx TieredStopAtLevel                        = 1                                         {product} {command line}
     bool UseCompressedOops                        = true                           {product lp64_product} {ergonomic}
     bool UseG1GC                                  = true                                      {product} {ergonomic}
     bool UseLargePagesIndividualAllocation        = false                                  {pd product} {ergonomic}

Logging:
Log output configuration:
 #0: stdout all=warning uptime,level,tags foldmultilines=false
 #1: stderr all=off uptime,level,tags foldmultilines=false

Environment Variables:
PATH=C:\sts-4.27.0.RELEASE\plugins\org.eclipse.justj.openjdk.hotspot.jre.full.win32.x86_64_21.0.5.v20241023-1957\jre\bin;C:/sts-4.27.0.RELEASE//plugins/org.eclipse.justj.openjdk.hotspot.jre.full.win32.x86_64_21.0.5.v20241023-1957/jre/bin/server;C:/sts-4.27.0.RELEASE//plugins/org.eclipse.justj.openjdk.hotspot.jre.full.win32.x86_64_21.0.5.v20241023-1957/jre/bin;C:\Program Files\Common Files\Oracle\Java\javapath;C:\WINDOWS\system32;C:\WINDOWS;C:\WINDOWS\System32\Wbem;C:\WINDOWS\System32\WindowsPowerShell\v1.0\;C:\WINDOWS\System32\OpenSSH\;C:\Program Files\Git\cmd;C:\Program Files\nodejs\;C:\Program Files\NVIDIA Corporation\NVIDIA app\NvDLISR;C:\Program Files (x86)\NVIDIA Corporation\PhysX\Common;C:\Program Files\MongoDB\Server\8.0\bin;C:\Users\lucas\AppData\Local\Programs\Python\Launcher\;C:\Users\lucas\AppData\Local\Microsoft\WindowsApps;C:\Users\lucas\AppData\Roaming\npm;C:\Users\lucas\AppData\Local\Programs\Microsoft VS Code\bin;C:\Users\lucas\AppData\Local\GitHubDesktop\bin;C:\sts-4.27.0.RELEASE;
USERNAME=lucas
OS=Windows_NT
PROCESSOR_IDENTIFIER=Intel64 Family 6 Model 140 Stepping 1, GenuineIntel
TMP=C:\Users\lucas\AppData\Local\Temp
TEMP=C:\Users\lucas\AppData\Local\Temp




Periodic native trim disabled

---------------  S Y S T E M  ---------------

OS:
 Windows 11 , 64 bit Build 26100 (10.0.26100.2454)
OS uptime: 0 days 0:27 hours
Hyper-V role detected

CPU: total 8 (initial active 8) (4 cores per cpu, 2 threads per core) family 6 model 140 stepping 1 microcode 0xa4, cx8, cmov, fxsr, ht, mmx, 3dnowpref, sse, sse2, sse3, ssse3, sse4.1, sse4.2, popcnt, lzcnt, tsc, tscinvbit, avx, avx2, aes, erms, clmul, bmi1, bmi2, adx, avx512f, avx512dq, avx512cd, avx512bw, avx512vl, sha, fma, vzeroupper, avx512_vpopcntdq, avx512_vpclmulqdq, avx512_vaes, avx512_vnni, clflush, clflushopt, clwb, avx512_vbmi2, avx512_vbmi, hv, rdtscp, rdpid, fsrm, gfni, avx512_bitalg, f16c, cet_ibt, cet_ss, avx512_ifma
Processor Information for all 8 processors :
  Max Mhz: 3110, Current Mhz: 3110, Mhz Limit: 3110

Memory: 4k page, system-wide physical 16167M (7247M free)
TotalPageFile size 25895M (AvailPageFile size 13548M)
current process WorkingSet (physical memory assigned to process): 173M, peak: 232M
current process commit charge ("private bytes"): 204M, peak: 372M

vm_info: OpenJDK 64-Bit Server VM (21.0.5+11-LTS) for windows-amd64 JRE (21.0.5+11-LTS), built on 2024-10-15T00:00:00Z by "admin" with MS VC++ 17.7 (VS2022)

END.
